<?xml version="1.0" encoding="UTF-8"?>
<!-- Generated by org.testng.reporters.JUnitReportReporter -->
<testsuite skipped="0" hostname="Bens-TwoInOne" name="com.revature.testNg.WrapHome0" tests="2" failures="0" timestamp="01 Aug 2019 04:24:45 GMT" time="0.573" errors="0">
  <testcase name="logIntoWrapRecipes" time="0.503" classname="com.revature.testNg.WrapHome0"/>
  <testcase name="confirmHomePage" time="0.070" classname="com.revature.testNg.WrapHome0"/>
</testsuite> <!-- com.revature.testNg.WrapHome0 -->
