<?xml version="1.0" encoding="UTF-8"?>
<!-- Generated by org.testng.reporters.JUnitReportReporter -->
<testsuite skipped="0" hostname="Bens-TwoInOne" name="com.revature.testNg.WrapHomeAdvanced" tests="2" failures="0" timestamp="01 Aug 2019 05:32:35 GMT" time="0.477" errors="0">
  <testcase name="logIntoWrap" time="0.403" classname="com.revature.testNg.WrapHomeAdvanced"/>
  <testcase name="confirmHomePage" time="0.074" classname="com.revature.testNg.WrapHomeAdvanced"/>
</testsuite> <!-- com.revature.testNg.WrapHomeAdvanced -->
