<?xml version="1.0" encoding="UTF-8"?>
<!-- Generated by org.testng.reporters.JUnitReportReporter -->
<testsuite skipped="1" hostname="Bens-TwoInOne" name="com.revature.testNg.MercuryTours" tests="4" failures="0" timestamp="30 Jul 2019 19:23:08 GMT" time="4.512" errors="0">
  <testcase name="confirmHomePage" time="0.068" classname="com.revature.testNg.MercuryTours"/>
  <testcase name="logIntoMercuryTours" time="4.442" classname="com.revature.testNg.MercuryTours"/>
  <testcase name="exceptionTest" time="0.002" classname="com.revature.testNg.MercuryTours"/>
  <testcase name="skipThisMethod" classname="com.revature.testNg.MercuryTours">
    <skipped/>
  </testcase> <!-- skipThisMethod -->
</testsuite> <!-- com.revature.testNg.MercuryTours -->
