<?xml version="1.0" encoding="UTF-8"?>
<!-- Generated by org.testng.reporters.JUnitReportReporter -->
<testsuite skipped="0" hostname="Bens-TwoInOne" name="com.revature.testNg.WrapHomeAdvanced" tests="4" failures="0" timestamp="01 Aug 2019 20:11:44 GMT" time="0.731" errors="0">
  <testcase name="logIntoWrap" time="0.421" classname="com.revature.testNg.WrapHomeAdvanced"/>
  <testcase name="confirmHomePage" time="0.045" classname="com.revature.testNg.WrapHomeAdvanced"/>
  <testcase name="clickThroughNavBar" time="0.031" classname="com.revature.testNg.WrapHomeAdvanced"/>
  <testcase name="logOutOfWrap" time="0.234" classname="com.revature.testNg.WrapHomeAdvanced"/>
</testsuite> <!-- com.revature.testNg.WrapHomeAdvanced -->
